<?xml version="1.0" encoding="UTF-8"?>
<!-- Generated by org.testng.reporters.JUnitXMLReporter -->
<testsuite hostname="ETC-1404246" ignored="0" name="Test" tests="2" failures="1" timestamp="01 Dec 2018 05:17:21 GMT" time="12.775" errors="0">
  <testcase name="@AfterMethod postCondition" time="0.003" classname="com.actitime.generic.BaseTest">
    <failure type="java.lang.NullPointerException">
      <![CDATA[java.lang.NullPointerException
at com.actitime.generic.BaseTest.postCondition(BaseTest.java:23)
... Removed 28 stack frames]]>
    </failure>
  </testcase> <!-- @AfterMethod postCondition -->
  <testcase name="@BeforeMethod preCondition" time="0.0" classname="com.actitime.generic.BaseTest">
    <skipped/>
  </testcase> <!-- @BeforeMethod preCondition -->
  <testcase name="@AfterMethod postCondition" time="0.0" classname="com.actitime.generic.BaseTest">
    <skipped/>
  </testcase> <!-- @AfterMethod postCondition -->
  <testcase name="testverifyVersion" time="0.105" classname="com.actitime.tests.VerifyVersionTest">
    <failure type="java.lang.NullPointerException">
      <![CDATA[java.lang.NullPointerException
at java.util.Objects.requireNonNull(Objects.java:203)
at org.openqa.selenium.support.ui.FluentWait.<init>(FluentWait.java:106)
at org.openqa.selenium.support.ui.WebDriverWait.<init>(WebDriverWait.java:85)
at org.openqa.selenium.support.ui.WebDriverWait.<init>(WebDriverWait.java:45)
at com.actitime.generic.BasePage.verifyElement(BasePage.java:31)
at com.actitime.pages.Loginpage.verifyVersion(Loginpage.java:41)
at com.actitime.tests.VerifyVersionTest.testverifyVersion(VerifyVersionTest.java:16)
... Removed 25 stack frames]]>
    </failure>
  </testcase> <!-- testverifyVersion -->
  <testcase name="testvalidLoginLogout" time="0.0" classname="com.actitime.tests.ValidLoginLoginTest">
    <skipped/>
  </testcase> <!-- testvalidLoginLogout -->
</testsuite> <!-- Test -->
